<?xml version="1.0" encoding="UTF-8"?>
<!-- Generated by org.testng.reporters.JUnitReportReporter -->
<testsuite hostname="LAPTOP-CQAE32CK" failures="0" tests="1" name="Assertion.soft_assert" time="0.107" errors="0" timestamp="2023-02-25T13:22:48 IST" skipped="0">
  <testcase classname="Assertion.soft_assert" name="m1" time="0.107"/>
  <system-out/>
</testsuite> <!-- Assertion.soft_assert -->
