<?xml version="1.0" encoding="UTF-8"?>
<!-- Generated by org.testng.reporters.JUnitReportReporter -->
<testsuite hostname="LAPTOP-CQAE32CK" failures="0" tests="4" name="DataDrivenTesting.DataDriven" time="14.295" errors="0" timestamp="2023-10-01T19:31:56 IST" skipped="0">
  <testcase classname="DataDrivenTesting.DataDriven" name="loginTest" time="1.337"/>
  <system-out/>
  <testcase classname="DataDrivenTesting.DataDriven" name="loginTest" time="9.671"/>
  <system-out/>
  <testcase classname="DataDrivenTesting.DataDriven" name="loginTest" time="1.237"/>
  <system-out/>
  <testcase classname="DataDrivenTesting.DataDriven" name="loginTest" time="2.050"/>
  <system-out/>
</testsuite> <!-- DataDrivenTesting.DataDriven -->
