<?xml version="1.0" encoding="UTF-8"?>
<!-- Generated by org.testng.reporters.JUnitReportReporter -->
<testsuite hostname="LAPTOP-CQAE32CK" failures="0" tests="1" name="POM_DDF_TestNG_withmandatory_classes.TestClass" time="9.042" errors="0" timestamp="2022-07-25T11:00:50 IST" skipped="0">
  <testcase classname="POM_DDF_TestNG_withmandatory_classes.TestClass" name="verifyuser" time="9.042"/>
  <system-out/>
</testsuite> <!-- POM_DDF_TestNG_withmandatory_classes.TestClass -->
