<?xml version="1.0" encoding="UTF-8"?>
<!-- Generated by org.testng.reporters.JUnitReportReporter -->
<testsuite hostname="LAPTOP-CQAE32CK" failures="0" tests="2" name="testNG_example.testNG_annotations" time="0.026" errors="0" timestamp="2022-11-29T10:45:29 IST" skipped="0">
  <testcase classname="testNG_example.testNG_annotations" name="testcase1" time="0.020"/>
  <system-out>
    <![CDATA[Test case 1 executing for user verification]]>
  </system-out>
  <testcase classname="testNG_example.testNG_annotations" name="testcase2" time="0.006"/>
  <system-out>
    <![CDATA[Test case2 executing for groceries]]>
  </system-out>
</testsuite> <!-- testNG_example.testNG_annotations -->
