<?xml version="1.0" encoding="UTF-8"?>
<!-- Generated by org.testng.reporters.JUnitReportReporter -->
<testsuite hostname="LAPTOP-CQAE32CK" failures="0" tests="1" name="testNG_example.test1" time="17.356" errors="0" timestamp="2022-07-14T09:05:25 IST" skipped="0">
  <testcase classname="testNG_example.test1" name="m1" time="17.356"/>
  <system-out/>
</testsuite> <!-- testNG_example.test1 -->
