<?xml version="1.0" encoding="UTF-8"?>
<!-- Generated by org.testng.reporters.JUnitReportReporter -->
<testsuite hostname="LAPTOP-CQAE32CK" failures="0" tests="1" name="POM_DDF_TestNG_withmanadatory_classes.baseclass" time="16.930" errors="0" timestamp="2022-07-25T09:25:30 IST" skipped="0">
  <testcase classname="POM_DDF_TestNG_withmanadatory_classes.baseclass" name="configurebrowser" time="16.930"/>
  <system-out/>
</testsuite> <!-- POM_DDF_TestNG_withmanadatory_classes.baseclass -->
