<?xml version="1.0" encoding="UTF-8"?>
<!-- Generated by org.testng.reporters.JUnitReportReporter -->
<testsuite hostname="LAPTOP-CQAE32CK" failures="0" tests="2" name="crossbrowsertesting.crossbrowser_testing" time="42.467" errors="0" timestamp="2022-12-01T10:35:28 IST" skipped="0">
  <testcase classname="crossbrowsertesting.crossbrowser_testing" name="m1" time="17.088"/>
  <system-out/>
  <testcase classname="crossbrowsertesting.crossbrowser_testing" name="m1" time="25.379"/>
  <system-out/>
</testsuite> <!-- crossbrowsertesting.crossbrowser_testing -->
