<?xml version="1.0" encoding="UTF-8"?>
<!-- Generated by org.testng.reporters.JUnitReportReporter -->
<testsuite hostname="LAPTOP-CQAE32CK" failures="0" tests="1" name="Flipkart_pom_TestNG.TestClass" time="8.685" errors="0" timestamp="2022-07-21T10:55:30 IST" skipped="0">
  <testcase classname="Flipkart_pom_TestNG.TestClass" name="verifyuser" time="8.685"/>
  <system-out/>
</testsuite> <!-- Flipkart_pom_TestNG.TestClass -->
