<?xml version="1.0" encoding="UTF-8"?>
<!-- Generated by org.testng.reporters.JUnitReportReporter -->
<testsuite hostname="LAPTOP-CQAE32CK" failures="0" tests="2" name="crossbrowsertesting.paralelly" time="86.429" errors="0" timestamp="2022-07-27T15:13:51 IST" skipped="0">
  <testcase classname="crossbrowsertesting.paralelly" name="m1" time="50.550"/>
  <system-out/>
  <testcase classname="crossbrowsertesting.paralelly" name="m1" time="35.879"/>
  <system-out/>
</testsuite> <!-- crossbrowsertesting.paralelly -->
