<?xml version="1.0" encoding="UTF-8"?>
<!-- Generated by org.testng.reporters.JUnitReportReporter -->
<testsuite hostname="LAPTOP-CQAE32CK" failures="0" tests="3" name="dataprovider_testNG.dataprovider" time="0.031" errors="0" timestamp="2022-07-21T11:14:23 IST" skipped="0">
  <testcase classname="dataprovider_testNG.dataprovider" name="login" time="0.019"/>
  <system-out/>
  <testcase classname="dataprovider_testNG.dataprovider" name="login" time="0.008"/>
  <system-out/>
  <testcase classname="dataprovider_testNG.dataprovider" name="login" time="0.004"/>
  <system-out/>
</testsuite> <!-- dataprovider_testNG.dataprovider -->
