<?xml version="1.0" encoding="UTF-8"?>
<!-- Generated by org.testng.reporters.JUnitReportReporter -->
<testsuite hostname="LAPTOP-CQAE32CK" failures="0" tests="2" name="testNG_example.demo" time="28.910" errors="0" timestamp="2022-07-13T11:00:42 IST" skipped="0">
  <testcase classname="testNG_example.demo" name="openamazon" time="14.587"/>
  <system-out/>
  <testcase classname="testNG_example.demo" name="openapp" time="14.323"/>
  <system-out>
    <![CDATA[Opening Fipkart application
Closed Browser]]>
  </system-out>
</testsuite> <!-- testNG_example.demo -->
