<?xml version="1.0" encoding="UTF-8"?>
<!-- Generated by org.testng.reporters.JUnitReportReporter -->
<testsuite hostname="LAPTOP-CQAE32CK" failures="0" tests="2" name="crossbrowsertesting.sequantially" time="45.916" errors="0" timestamp="2022-07-27T15:00:19 IST" skipped="0">
  <testcase classname="crossbrowsertesting.sequantially" name="m1" time="28.924"/>
  <system-out/>
  <testcase classname="crossbrowsertesting.sequantially" name="m1" time="16.992"/>
  <system-out/>
</testsuite> <!-- crossbrowsertesting.sequantially -->
