<?xml version="1.0" encoding="UTF-8"?>
<!-- Generated by org.testng.reporters.JUnitReportReporter -->
<testsuite hostname="LAPTOP-CQAE32CK" failures="0" tests="1" name="paralleltesting.parallel_class2" time="16.973" errors="0" timestamp="2022-07-15T23:20:07 IST" skipped="0">
  <testcase classname="paralleltesting.parallel_class2" name="facebook" time="16.973"/>
  <system-out/>
</testsuite> <!-- paralleltesting.parallel_class2 -->
