<?xml version="1.0" encoding="UTF-8"?>
<!-- Generated by org.testng.reporters.JUnitReportReporter -->
<testsuite hostname="LAPTOP-CQAE32CK" failures="0" tests="3" name="testNG_example.priority" time="0.023" errors="0" timestamp="2022-11-30T15:51:29 IST" skipped="0">
  <testcase classname="testNG_example.priority" name="m3" time="0.003"/>
  <system-out>
    <![CDATA[testing case3]]>
  </system-out>
  <testcase classname="testNG_example.priority" name="m1" time="0.016"/>
  <system-out>
    <![CDATA[testing case1]]>
  </system-out>
  <testcase classname="testNG_example.priority" name="m2" time="0.004"/>
  <system-out>
    <![CDATA[testing case2]]>
  </system-out>
</testsuite> <!-- testNG_example.priority -->
